
*** Running vivado
    with args -log top_module.vds -m64 -product Vivado -mode batch -messageDb vivado.pb -notrace -source top_module.tcl


ECHO is off.
ECHO is off.

****** Vivado v2023.1 (64-bit)
  **** SW Build 3865809 on Sun May  7 15:05:29 MDT 2023
  **** IP Build 3864474 on Sun May  7 20:36:21 MDT 2023
  **** SharedData Build 3865790 on Sun May 07 13:33:03 MDT 2023
    ** Copyright 1986-2022 Xilinx, Inc. All Rights Reserved.
    ** Copyright 2022-2023 Advanced Micro Devices, Inc. All Rights Reserved.

source top_module.tcl -notrace
create_project: Time (s): cpu = 00:00:04 ; elapsed = 00:00:08 . Memory (MB): peak = 437.383 ; gain = 163.742
Command: read_checkpoint -auto_incremental -incremental D:/prj_FPGA/p2_cmoda7_MP3202_Demo/p2_cmoda7_MP3202_Demo.srcs/utils_1/imports/synth_1/top_module.dcp
INFO: [Vivado 12-5825] Read reference checkpoint from D:/prj_FPGA/p2_cmoda7_MP3202_Demo/p2_cmoda7_MP3202_Demo.srcs/utils_1/imports/synth_1/top_module.dcp for incremental synthesis
INFO: [Vivado 12-7989] Please ensure there are no constraint changes
Command: synth_design -top top_module -part xc7a35tcpg236-1
Starting synth_design
Attempting to get a license for feature 'Synthesis' and/or device 'xc7a35t'
INFO: [Common 17-349] Got license for feature 'Synthesis' and/or device 'xc7a35t'
INFO: [Device 21-403] Loading part xc7a35tcpg236-1
INFO: [Designutils 20-5440] No compile time benefit to using incremental synthesis; A full resynthesis will be run
INFO: [Designutils 20-4379] Flow is switching to default flow due to incremental criteria not met. If you would like to alter this behaviour and have the flow terminate instead, please set the following parameter config_implementation {autoIncr.Synth.RejectBehavior Terminate}
INFO: [Synth 8-7079] Multithreading enabled for synth_design using a maximum of 2 processes.
INFO: [Synth 8-7078] Launching helper process for spawning children vivado processes
INFO: [Synth 8-7075] Helper process launched with PID 1960
---------------------------------------------------------------------------------
Starting RTL Elaboration : Time (s): cpu = 00:00:05 ; elapsed = 00:00:05 . Memory (MB): peak = 1256.426 ; gain = 411.645
---------------------------------------------------------------------------------
INFO: [Synth 8-6157] synthesizing module 'top_module' [D:/prj_FPGA/p2_cmoda7_MP3202_Demo/p2_cmoda7_MP3202_Demo.srcs/sources_1/new/topmodule.v:1]
INFO: [Synth 8-6157] synthesizing module 'clock_div' [D:/prj_FPGA/p2_cmoda7_MP3202_Demo/p2_cmoda7_MP3202_Demo.srcs/sources_1/new/clock_div.v:22]
	Parameter FREQ_INPUT bound to: 12000000 - type: integer 
	Parameter FREQ_OUTPUT bound to: 500 - type: integer 
INFO: [Synth 8-6155] done synthesizing module 'clock_div' (0#1) [D:/prj_FPGA/p2_cmoda7_MP3202_Demo/p2_cmoda7_MP3202_Demo.srcs/sources_1/new/clock_div.v:22]
INFO: [Synth 8-6157] synthesizing module 'clock_div__parameterized0' [D:/prj_FPGA/p2_cmoda7_MP3202_Demo/p2_cmoda7_MP3202_Demo.srcs/sources_1/new/clock_div.v:22]
	Parameter FREQ_INPUT bound to: 500 - type: integer 
	Parameter FREQ_OUTPUT bound to: 1 - type: integer 
INFO: [Synth 8-6155] done synthesizing module 'clock_div__parameterized0' (0#1) [D:/prj_FPGA/p2_cmoda7_MP3202_Demo/p2_cmoda7_MP3202_Demo.srcs/sources_1/new/clock_div.v:22]
INFO: [Synth 8-6157] synthesizing module 'clock_div__parameterized1' [D:/prj_FPGA/p2_cmoda7_MP3202_Demo/p2_cmoda7_MP3202_Demo.srcs/sources_1/new/clock_div.v:22]
	Parameter FREQ_INPUT bound to: 12000000 - type: integer 
	Parameter FREQ_OUTPUT bound to: 100000 - type: integer 
INFO: [Synth 8-6155] done synthesizing module 'clock_div__parameterized1' (0#1) [D:/prj_FPGA/p2_cmoda7_MP3202_Demo/p2_cmoda7_MP3202_Demo.srcs/sources_1/new/clock_div.v:22]
INFO: [Synth 8-6157] synthesizing module 'drv_segment' [D:/prj_FPGA/p2_cmoda7_MP3202_Demo/p2_cmoda7_MP3202_Demo.srcs/sources_1/new/drv_segment.v:22]
INFO: [Synth 8-226] default block is never used [D:/prj_FPGA/p2_cmoda7_MP3202_Demo/p2_cmoda7_MP3202_Demo.srcs/sources_1/new/drv_segment.v:71]
INFO: [Synth 8-6155] done synthesizing module 'drv_segment' (0#1) [D:/prj_FPGA/p2_cmoda7_MP3202_Demo/p2_cmoda7_MP3202_Demo.srcs/sources_1/new/drv_segment.v:22]
INFO: [Synth 8-6157] synthesizing module 'drv_mcp3202' [D:/prj_FPGA/p2_cmoda7_MP3202_Demo/p2_cmoda7_MP3202_Demo.srcs/sources_1/new/drv_mcp3202.v:1]
INFO: [Synth 8-226] default block is never used [D:/prj_FPGA/p2_cmoda7_MP3202_Demo/p2_cmoda7_MP3202_Demo.srcs/sources_1/new/drv_mcp3202.v:41]
INFO: [Synth 8-226] default block is never used [D:/prj_FPGA/p2_cmoda7_MP3202_Demo/p2_cmoda7_MP3202_Demo.srcs/sources_1/new/drv_mcp3202.v:58]
INFO: [Synth 8-226] default block is never used [D:/prj_FPGA/p2_cmoda7_MP3202_Demo/p2_cmoda7_MP3202_Demo.srcs/sources_1/new/drv_mcp3202.v:86]
INFO: [Synth 8-6155] done synthesizing module 'drv_mcp3202' (0#1) [D:/prj_FPGA/p2_cmoda7_MP3202_Demo/p2_cmoda7_MP3202_Demo.srcs/sources_1/new/drv_mcp3202.v:1]
INFO: [Synth 8-6155] done synthesizing module 'top_module' (0#1) [D:/prj_FPGA/p2_cmoda7_MP3202_Demo/p2_cmoda7_MP3202_Demo.srcs/sources_1/new/topmodule.v:1]
WARNING: [Synth 8-6014] Unused sequential element adc_dout_r_reg was removed.  [D:/prj_FPGA/p2_cmoda7_MP3202_Demo/p2_cmoda7_MP3202_Demo.srcs/sources_1/new/topmodule.v:31]
WARNING: [Synth 8-7129] Port led[1] in module top_module is either unconnected or has no load
WARNING: [Synth 8-7129] Port btn[0] in module top_module is either unconnected or has no load
---------------------------------------------------------------------------------
Finished RTL Elaboration : Time (s): cpu = 00:00:06 ; elapsed = 00:00:07 . Memory (MB): peak = 1347.492 ; gain = 502.711
---------------------------------------------------------------------------------
---------------------------------------------------------------------------------
Start Handling Custom Attributes
---------------------------------------------------------------------------------
---------------------------------------------------------------------------------
Finished Handling Custom Attributes : Time (s): cpu = 00:00:06 ; elapsed = 00:00:07 . Memory (MB): peak = 1347.492 ; gain = 502.711
---------------------------------------------------------------------------------
---------------------------------------------------------------------------------
Finished RTL Optimization Phase 1 : Time (s): cpu = 00:00:06 ; elapsed = 00:00:07 . Memory (MB): peak = 1347.492 ; gain = 502.711
---------------------------------------------------------------------------------
Netlist sorting complete. Time (s): cpu = 00:00:00 ; elapsed = 00:00:00.001 . Memory (MB): peak = 1347.492 ; gain = 0.000
INFO: [Project 1-570] Preparing netlist for logic optimization

Processing XDC Constraints
Initializing timing engine
Parsing XDC File [D:/prj_FPGA/p2_cmoda7_MP3202_Demo/p2_cmoda7_MP3202_Demo.srcs/constrs_1/new/cmoda7.xdc]
Finished Parsing XDC File [D:/prj_FPGA/p2_cmoda7_MP3202_Demo/p2_cmoda7_MP3202_Demo.srcs/constrs_1/new/cmoda7.xdc]
INFO: [Project 1-236] Implementation specific constraints were found while reading constraint file [D:/prj_FPGA/p2_cmoda7_MP3202_Demo/p2_cmoda7_MP3202_Demo.srcs/constrs_1/new/cmoda7.xdc]. These constraints will be ignored for synthesis but will be used in implementation. Impacted constraints are listed in the file [.Xil/top_module_propImpl.xdc].
Resolution: To avoid this warning, move constraints listed in [.Xil/top_module_propImpl.xdc] to another XDC file and exclude this new file from synthesis with the used_in_synthesis property (File Properties dialog in GUI) and re-run elaboration/synthesis.
Completed Processing XDC Constraints

Netlist sorting complete. Time (s): cpu = 00:00:00 ; elapsed = 00:00:00 . Memory (MB): peak = 1388.375 ; gain = 0.000
INFO: [Project 1-111] Unisim Transformation Summary:
No Unisim elements were transformed.

Constraint Validation Runtime : Time (s): cpu = 00:00:00 ; elapsed = 00:00:00.002 . Memory (MB): peak = 1388.375 ; gain = 0.000
INFO: [Designutils 20-5440] No compile time benefit to using incremental synthesis; A full resynthesis will be run
INFO: [Designutils 20-4379] Flow is switching to default flow due to incremental criteria not met. If you would like to alter this behaviour and have the flow terminate instead, please set the following parameter config_implementation {autoIncr.Synth.RejectBehavior Terminate}
---------------------------------------------------------------------------------
Finished Constraint Validation : Time (s): cpu = 00:00:13 ; elapsed = 00:00:14 . Memory (MB): peak = 1388.375 ; gain = 543.594
---------------------------------------------------------------------------------
---------------------------------------------------------------------------------
Start Loading Part and Timing Information
---------------------------------------------------------------------------------
Loading part: xc7a35tcpg236-1
---------------------------------------------------------------------------------
Finished Loading Part and Timing Information : Time (s): cpu = 00:00:13 ; elapsed = 00:00:14 . Memory (MB): peak = 1388.375 ; gain = 543.594
---------------------------------------------------------------------------------
---------------------------------------------------------------------------------
Start Applying 'set_property' XDC Constraints
---------------------------------------------------------------------------------
---------------------------------------------------------------------------------
Finished applying 'set_property' XDC Constraints : Time (s): cpu = 00:00:13 ; elapsed = 00:00:14 . Memory (MB): peak = 1388.375 ; gain = 543.594
---------------------------------------------------------------------------------
INFO: [Synth 8-802] inferred FSM for state register 'an_r_reg' in module 'drv_segment'
INFO: [Synth 8-802] inferred FSM for state register 'fsm_statu_reg' in module 'drv_mcp3202'
---------------------------------------------------------------------------------------------------
                   State |                     New Encoding |                Previous Encoding 
---------------------------------------------------------------------------------------------------
                 iSTATE3 |                              000 |                             0000
*
                 iSTATE0 |                              001 |                             0001
                 iSTATE1 |                              010 |                             0010
                 iSTATE2 |                              011 |                             0100
                  iSTATE |                              100 |                             1000
---------------------------------------------------------------------------------------------------
INFO: [Synth 8-3354] encoded FSM with state register 'an_r_reg' using encoding 'sequential' in module 'drv_segment'
---------------------------------------------------------------------------------------------------
                   State |                     New Encoding |                Previous Encoding 
---------------------------------------------------------------------------------------------------
                FSM_IDLE |                               00 |                               00
                FSM_WRIT |                               01 |                               10
                FSM_READ |                               10 |                               11
                FSM_STOP |                               11 |                               01
---------------------------------------------------------------------------------------------------
INFO: [Synth 8-3354] encoded FSM with state register 'fsm_statu_reg' using encoding 'sequential' in module 'drv_mcp3202'
---------------------------------------------------------------------------------
Finished RTL Optimization Phase 2 : Time (s): cpu = 00:00:13 ; elapsed = 00:00:14 . Memory (MB): peak = 1388.375 ; gain = 543.594
---------------------------------------------------------------------------------
---------------------------------------------------------------------------------
Start RTL Component Statistics 
---------------------------------------------------------------------------------
Detailed RTL Component Info : 
+---Adders : 
	   2 Input   14 Bit       Adders := 1     
	   2 Input    8 Bit       Adders := 1     
	   2 Input    6 Bit       Adders := 1     
	   2 Input    4 Bit       Adders := 1     
	   2 Input    2 Bit       Adders := 1     
+---Registers : 
	               14 Bit    Registers := 1     
	               13 Bit    Registers := 1     
	               12 Bit    Registers := 1     
	                8 Bit    Registers := 1     
	                6 Bit    Registers := 1     
	                4 Bit    Registers := 1     
	                2 Bit    Registers := 1     
	                1 Bit    Registers := 7     
+---Muxes : 
	   2 Input   14 Bit        Muxes := 1     
	   4 Input   13 Bit        Muxes := 2     
	   2 Input   12 Bit        Muxes := 4     
	   2 Input    8 Bit        Muxes := 1     
	   2 Input    6 Bit        Muxes := 1     
	   5 Input    4 Bit        Muxes := 2     
	   4 Input    4 Bit        Muxes := 1     
	   4 Input    3 Bit        Muxes := 1     
	   4 Input    2 Bit        Muxes := 1     
	   9 Input    2 Bit        Muxes := 1     
	   2 Input    1 Bit        Muxes := 2     
	   4 Input    1 Bit        Muxes := 5     
---------------------------------------------------------------------------------
Finished RTL Component Statistics 
---------------------------------------------------------------------------------
---------------------------------------------------------------------------------
Start Part Resource Summary
---------------------------------------------------------------------------------
Part Resources:
DSPs: 90 (col length:60)
BRAMs: 100 (col length: RAMB18 60 RAMB36 30)
---------------------------------------------------------------------------------
Finished Part Resource Summary
---------------------------------------------------------------------------------
---------------------------------------------------------------------------------
Start Cross Boundary and Area Optimization
---------------------------------------------------------------------------------
WARNING: [Synth 8-7080] Parallel synthesis criteria is not met
WARNING: [Synth 8-7129] Port led[1] in module top_module is either unconnected or has no load
WARNING: [Synth 8-7129] Port btn[0] in module top_module is either unconnected or has no load
---------------------------------------------------------------------------------
Finished Cross Boundary and Area Optimization : Time (s): cpu = 00:00:15 ; elapsed = 00:00:17 . Memory (MB): peak = 1388.375 ; gain = 543.594
---------------------------------------------------------------------------------
---------------------------------------------------------------------------------
Start Applying XDC Timing Constraints
---------------------------------------------------------------------------------
---------------------------------------------------------------------------------
Finished Applying XDC Timing Constraints : Time (s): cpu = 00:00:20 ; elapsed = 00:00:22 . Memory (MB): peak = 1388.375 ; gain = 543.594
---------------------------------------------------------------------------------
---------------------------------------------------------------------------------
Start Timing Optimization
---------------------------------------------------------------------------------
---------------------------------------------------------------------------------
Finished Timing Optimization : Time (s): cpu = 00:00:20 ; elapsed = 00:00:22 . Memory (MB): peak = 1388.375 ; gain = 543.594
---------------------------------------------------------------------------------
---------------------------------------------------------------------------------
Start Technology Mapping
---------------------------------------------------------------------------------
---------------------------------------------------------------------------------
Finished Technology Mapping : Time (s): cpu = 00:00:20 ; elapsed = 00:00:22 . Memory (MB): peak = 1388.375 ; gain = 543.594
---------------------------------------------------------------------------------
---------------------------------------------------------------------------------
Start IO Insertion
---------------------------------------------------------------------------------
---------------------------------------------------------------------------------
Start Flattening Before IO Insertion
---------------------------------------------------------------------------------
---------------------------------------------------------------------------------
Finished Flattening Before IO Insertion
---------------------------------------------------------------------------------
---------------------------------------------------------------------------------
Start Final Netlist Cleanup
---------------------------------------------------------------------------------
---------------------------------------------------------------------------------
Finished Final Netlist Cleanup
---------------------------------------------------------------------------------
---------------------------------------------------------------------------------
Finished IO Insertion : Time (s): cpu = 00:00:24 ; elapsed = 00:00:26 . Memory (MB): peak = 1388.375 ; gain = 543.594
---------------------------------------------------------------------------------
---------------------------------------------------------------------------------
Start Renaming Generated Instances
---------------------------------------------------------------------------------
---------------------------------------------------------------------------------
Finished Renaming Generated Instances : Time (s): cpu = 00:00:24 ; elapsed = 00:00:26 . Memory (MB): peak = 1388.375 ; gain = 543.594
---------------------------------------------------------------------------------
---------------------------------------------------------------------------------
Start Rebuilding User Hierarchy
---------------------------------------------------------------------------------
---------------------------------------------------------------------------------
Finished Rebuilding User Hierarchy : Time (s): cpu = 00:00:24 ; elapsed = 00:00:26 . Memory (MB): peak = 1388.375 ; gain = 543.594
---------------------------------------------------------------------------------
---------------------------------------------------------------------------------
Start Renaming Generated Ports
---------------------------------------------------------------------------------
---------------------------------------------------------------------------------
Finished Renaming Generated Ports : Time (s): cpu = 00:00:24 ; elapsed = 00:00:26 . Memory (MB): peak = 1388.375 ; gain = 543.594
---------------------------------------------------------------------------------
---------------------------------------------------------------------------------
Start Handling Custom Attributes
---------------------------------------------------------------------------------
---------------------------------------------------------------------------------
Finished Handling Custom Attributes : Time (s): cpu = 00:00:24 ; elapsed = 00:00:26 . Memory (MB): peak = 1388.375 ; gain = 543.594
---------------------------------------------------------------------------------
---------------------------------------------------------------------------------
Start Renaming Generated Nets
---------------------------------------------------------------------------------
---------------------------------------------------------------------------------
Finished Renaming Generated Nets : Time (s): cpu = 00:00:24 ; elapsed = 00:00:26 . Memory (MB): peak = 1388.375 ; gain = 543.594
---------------------------------------------------------------------------------
---------------------------------------------------------------------------------
Start Writing Synthesis Report
---------------------------------------------------------------------------------

Report BlackBoxes: 
+-+--------------+----------+
| |BlackBox name |Instances |
+-+--------------+----------+
+-+--------------+----------+

Report Cell Usage: 
+------+-------+------+
|      |Cell   |Count |
+------+-------+------+
|1     |BUFG   |     1|
|2     |CARRY4 |     4|
|3     |LUT1   |     3|
|4     |LUT2   |    31|
|5     |LUT3   |    47|
|6     |LUT4   |    16|
|7     |LUT5   |     4|
|8     |LUT6   |    27|
|9     |FDCE   |    62|
|10    |FDPE   |    20|
|11    |LDC    |    12|
|12    |IBUF   |     3|
|13    |OBUF   |    17|
|14    |OBUFT  |     1|
+------+-------+------+
---------------------------------------------------------------------------------
Finished Writing Synthesis Report : Time (s): cpu = 00:00:24 ; elapsed = 00:00:26 . Memory (MB): peak = 1388.375 ; gain = 543.594
---------------------------------------------------------------------------------
Synthesis finished with 0 errors, 0 critical warnings and 3 warnings.
Synthesis Optimization Runtime : Time (s): cpu = 00:00:16 ; elapsed = 00:00:24 . Memory (MB): peak = 1388.375 ; gain = 502.711
Synthesis Optimization Complete : Time (s): cpu = 00:00:24 ; elapsed = 00:00:26 . Memory (MB): peak = 1388.375 ; gain = 543.594
INFO: [Project 1-571] Translating synthesized netlist
Netlist sorting complete. Time (s): cpu = 00:00:00 ; elapsed = 00:00:00.001 . Memory (MB): peak = 1388.375 ; gain = 0.000
INFO: [Netlist 29-17] Analyzing 16 Unisim elements for replacement
INFO: [Netlist 29-28] Unisim Transformation completed in 0 CPU seconds
INFO: [Project 1-570] Preparing netlist for logic optimization
INFO: [Opt 31-138] Pushed 0 inverter(s) to 0 load pin(s).
Netlist sorting complete. Time (s): cpu = 00:00:00 ; elapsed = 00:00:00 . Memory (MB): peak = 1390.520 ; gain = 0.000
INFO: [Project 1-111] Unisim Transformation Summary:
  A total of 12 instances were transformed.
  LDC => LDCE: 12 instances

Synth Design complete | Checksum: 5d8b121e
INFO: [Common 17-83] Releasing license: Synthesis
41 Infos, 6 Warnings, 0 Critical Warnings and 0 Errors encountered.
synth_design completed successfully
synth_design: Time (s): cpu = 00:00:27 ; elapsed = 00:00:37 . Memory (MB): peak = 1390.520 ; gain = 924.535
INFO: [Common 17-1381] The checkpoint 'D:/prj_FPGA/p2_cmoda7_MP3202_Demo/p2_cmoda7_MP3202_Demo.runs/synth_1/top_module.dcp' has been generated.
INFO: [runtcl-4] Executing : report_utilization -file top_module_utilization_synth.rpt -pb top_module_utilization_synth.pb
INFO: [Common 17-206] Exiting Vivado at Sat Mar 23 15:27:21 2024...
